<?xml version="1.0" encoding="UTF-8" ?>
<testsuite tests="5" failures="5" name="com.vishalkaushik.epamtask8.RemoveATest" time="0.002" errors="0" skipped="0">
  <properties>
[...]
</properties>
  <testcase classname="com.vishalkaushik.epamtask8.RemoveATest" name="com.vishalkaushik.epamtask8.RemoveATest.test1stChar" time="0.002">
    <failure type="java.lang.NullPointerException">java.lang.NullPointerException
	at com.vishalkaushik.epamtask8.RemoveATest.test1stChar(RemoveATest.java:29)
</failure>
  </testcase>
  <testcase classname="com.vishalkaushik.epamtask8.RemoveATest" name="com.vishalkaushik.epamtask8.RemoveATest.testNo1st2AChars" time="0">
    <failure type="java.lang.NullPointerException">java.lang.NullPointerException
	at com.vishalkaushik.epamtask8.RemoveATest.testNo1st2AChars(RemoveATest.java:44)
</failure>
  </testcase>
  <testcase classname="com.vishalkaushik.epamtask8.RemoveATest" name="com.vishalkaushik.epamtask8.RemoveATest.test1st2Chars" time="0">
    <failure type="java.lang.NullPointerException">java.lang.NullPointerException
	at com.vishalkaushik.epamtask8.RemoveATest.test1st2Chars(RemoveATest.java:34)
</failure>
  </testcase>
  <testcase classname="com.vishalkaushik.epamtask8.RemoveATest" name="com.vishalkaushik.epamtask8.RemoveATest.testChars" time="0">
    <failure type="java.lang.NullPointerException">java.lang.NullPointerException
	at com.vishalkaushik.epamtask8.RemoveATest.testChars(RemoveATest.java:49)
</failure>
  </testcase>
  <testcase classname="com.vishalkaushik.epamtask8.RemoveATest" name="com.vishalkaushik.epamtask8.RemoveATest.test2ndChar" time="0">
    <failure type="java.lang.NullPointerException">java.lang.NullPointerException
	at com.vishalkaushik.epamtask8.RemoveATest.test2ndChar(RemoveATest.java:39)
</failure>
  </testcase>
</testsuite>